{"numTotalTestSuites":21,"numPassedTestSuites":21,"numFailedTestSuites":0,"numPendingTestSuites":0,"numTotalTests":99,"numPassedTests":99,"numFailedTests":0,"numPendingTests":0,"numTodoTests":0,"snapshot":{"added":0,"failure":false,"filesAdded":0,"filesRemoved":0,"filesRemovedList":[],"filesUnmatched":0,"filesUpdated":0,"matched":0,"total":0,"unchecked":0,"uncheckedKeysByFile":[],"unmatched":0,"updated":0,"didUpdate":false},"startTime":1770749460895,"success":true,"testResults":[{"assertionResults":[{"ancestorTitles":["detectSearchIntent","Product Availability Queries"],"fullName":"detectSearchIntent Product Availability Queries should detect \"Do you have\" queries","status":"passed","title":"should detect \"Do you have\" queries","duration":1.157666000000006,"failureMessages":[],"meta":{}},{"ancestorTitles":["detectSearchIntent","Product Availability Queries"],"fullName":"detectSearchIntent Product Availability Queries should detect \"Do you have\" with product number","status":"passed","title":"should detect \"Do you have\" with product number","duration":0.3755000000000024,"failureMessages":[],"meta":{}},{"ancestorTitles":["detectSearchIntent","Product Availability Queries"],"fullName":"detectSearchIntent Product Availability Queries should detect \"Have you got\" variations","status":"passed","title":"should detect \"Have you got\" variations","duration":0.11712500000000148,"failureMessages":[],"meta":{}},{"ancestorTitles":["detectSearchIntent","Product Availability Queries"],"fullName":"detectSearchIntent Product Availability Queries should detect \"Got any\" informal queries","status":"passed","title":"should detect \"Got any\" informal queries","duration":0.10687500000000227,"failureMessages":[],"meta":{}},{"ancestorTitles":["detectSearchIntent","Price Inquiry Queries"],"fullName":"detectSearchIntent Price Inquiry Queries should detect \"How much\" queries","status":"passed","title":"should detect \"How much\" queries","duration":0.08116700000000776,"failureMessages":[],"meta":{}},{"ancestorTitles":["detectSearchIntent","Price Inquiry Queries"],"fullName":"detectSearchIntent Price Inquiry Queries should detect \"What is the price\" queries","status":"passed","title":"should detect \"What is the price\" queries","duration":0.050083000000000766,"failureMessages":[],"meta":{}},{"ancestorTitles":["detectSearchIntent","Price Inquiry Queries"],"fullName":"detectSearchIntent Price Inquiry Queries should detect \"Price of\" queries","status":"passed","title":"should detect \"Price of\" queries","duration":0.04608299999999588,"failureMessages":[],"meta":{}},{"ancestorTitles":["detectSearchIntent","Price Inquiry Queries"],"fullName":"detectSearchIntent Price Inquiry Queries should detect Arabic price queries","status":"passed","title":"should detect Arabic price queries","duration":0.5817499999999995,"failureMessages":[],"meta":{}},{"ancestorTitles":["detectSearchIntent","Price Inquiry Queries"],"fullName":"detectSearchIntent Price Inquiry Queries should detect \"كم سعر\" Arabic queries","status":"passed","title":"should detect \"كم سعر\" Arabic queries","duration":0.07008299999999679,"failureMessages":[],"meta":{}},{"ancestorTitles":["detectSearchIntent","Product Number Queries"],"fullName":"detectSearchIntent Product Number Queries should detect product number with \"number\" keyword","status":"passed","title":"should detect product number with \"number\" keyword","duration":0.08020799999999895,"failureMessages":[],"meta":{}},{"ancestorTitles":["detectSearchIntent","Product Number Queries"],"fullName":"detectSearchIntent Product Number Queries should detect product number with \"#\" symbol","status":"passed","title":"should detect product number with \"#\" symbol","duration":0.04854100000000017,"failureMessages":[],"meta":{}},{"ancestorTitles":["detectSearchIntent","Product Number Queries"],"fullName":"detectSearchIntent Product Number Queries should detect product code queries","status":"passed","title":"should detect product code queries","duration":0.05374999999999375,"failureMessages":[],"meta":{}},{"ancestorTitles":["detectSearchIntent","Product Number Queries"],"fullName":"detectSearchIntent Product Number Queries should detect SKU patterns automatically","status":"passed","title":"should detect SKU patterns automatically","duration":0.038875000000004434,"failureMessages":[],"meta":{}},{"ancestorTitles":["detectSearchIntent","Product Number Queries"],"fullName":"detectSearchIntent Product Number Queries should detect 4+ digit numbers as product identifiers","status":"passed","title":"should detect 4+ digit numbers as product identifiers","duration":0.034166999999996506,"failureMessages":[],"meta":{}},{"ancestorTitles":["detectSearchIntent","General Search Queries"],"fullName":"detectSearchIntent General Search Queries should detect \"search for\" queries","status":"passed","title":"should detect \"search for\" queries","duration":0.03579200000000071,"failureMessages":[],"meta":{}},{"ancestorTitles":["detectSearchIntent","General Search Queries"],"fullName":"detectSearchIntent General Search Queries should detect \"find\" queries","status":"passed","title":"should detect \"find\" queries","duration":0.0347500000000025,"failureMessages":[],"meta":{}},{"ancestorTitles":["detectSearchIntent","General Search Queries"],"fullName":"detectSearchIntent General Search Queries should detect \"show me\" queries","status":"passed","title":"should detect \"show me\" queries","duration":0.03412500000000307,"failureMessages":[],"meta":{}},{"ancestorTitles":["detectSearchIntent","General Search Queries"],"fullName":"detectSearchIntent General Search Queries should detect \"looking for\" queries","status":"passed","title":"should detect \"looking for\" queries","duration":0.03275000000000716,"failureMessages":[],"meta":{}},{"ancestorTitles":["detectSearchIntent","Arabic Search Queries"],"fullName":"detectSearchIntent Arabic Search Queries should detect \"ابحث عن\" queries","status":"passed","title":"should detect \"ابحث عن\" queries","duration":0.034915999999995506,"failureMessages":[],"meta":{}},{"ancestorTitles":["detectSearchIntent","Arabic Search Queries"],"fullName":"detectSearchIntent Arabic Search Queries should detect \"وريني\" queries","status":"passed","title":"should detect \"وريني\" queries","duration":0.03508400000001188,"failureMessages":[],"meta":{}},{"ancestorTitles":["detectSearchIntent","Arabic Search Queries"],"fullName":"detectSearchIntent Arabic Search Queries should detect \"عندك\" queries","status":"passed","title":"should detect \"عندك\" queries","duration":0.03333399999999642,"failureMessages":[],"meta":{}},{"ancestorTitles":["detectSearchIntent","Comparison Queries"],"fullName":"detectSearchIntent Comparison Queries should detect \"compare\" queries","status":"passed","title":"should detect \"compare\" queries","duration":0.4657499999999999,"failureMessages":[],"meta":{}},{"ancestorTitles":["detectSearchIntent","Comparison Queries"],"fullName":"detectSearchIntent Comparison Queries should detect \"vs\" queries","status":"passed","title":"should detect \"vs\" queries","duration":0.047416999999995824,"failureMessages":[],"meta":{}},{"ancestorTitles":["detectSearchIntent","Comparison Queries"],"fullName":"detectSearchIntent Comparison Queries should detect \"difference\" queries","status":"passed","title":"should detect \"difference\" queries","duration":0.03929200000000321,"failureMessages":[],"meta":{}},{"ancestorTitles":["detectSearchIntent","Category Queries"],"fullName":"detectSearchIntent Category Queries should detect \"what category\" queries","status":"passed","title":"should detect \"what category\" queries","duration":0.04358299999999815,"failureMessages":[],"meta":{}},{"ancestorTitles":["detectSearchIntent","Category Queries"],"fullName":"detectSearchIntent Category Queries should detect \"type of\" queries","status":"passed","title":"should detect \"type of\" queries","duration":0.034708000000009065,"failureMessages":[],"meta":{}},{"ancestorTitles":["detectSearchIntent","Reference Queries"],"fullName":"detectSearchIntent Reference Queries should detect \"like that\" references","status":"passed","title":"should detect \"like that\" references","duration":0.028666999999998666,"failureMessages":[],"meta":{}},{"ancestorTitles":["detectSearchIntent","Reference Queries"],"fullName":"detectSearchIntent Reference Queries should detect \"similar\" queries","status":"passed","title":"should detect \"similar\" queries","duration":0.023915999999999826,"failureMessages":[],"meta":{}},{"ancestorTitles":["detectSearchIntent","Reference Queries"],"fullName":"detectSearchIntent Reference Queries should detect \"another one\" queries","status":"passed","title":"should detect \"another one\" queries","duration":0.022999999999996135,"failureMessages":[],"meta":{}},{"ancestorTitles":["detectSearchIntent","Edge Cases and Non-Search Queries"],"fullName":"detectSearchIntent Edge Cases and Non-Search Queries should not trigger search for greetings","status":"passed","title":"should not trigger search for greetings","duration":0.01854099999999903,"failureMessages":[],"meta":{}},{"ancestorTitles":["detectSearchIntent","Edge Cases and Non-Search Queries"],"fullName":"detectSearchIntent Edge Cases and Non-Search Queries should not trigger search for general questions","status":"passed","title":"should not trigger search for general questions","duration":0.02112499999999784,"failureMessages":[],"meta":{}},{"ancestorTitles":["detectSearchIntent","Edge Cases and Non-Search Queries"],"fullName":"detectSearchIntent Edge Cases and Non-Search Queries should not trigger search for feedback","status":"passed","title":"should not trigger search for feedback","duration":0.018749999999997158,"failureMessages":[],"meta":{}},{"ancestorTitles":["detectSearchIntent","Edge Cases and Non-Search Queries"],"fullName":"detectSearchIntent Edge Cases and Non-Search Queries should handle empty messages","status":"passed","title":"should handle empty messages","duration":0.023708000000013385,"failureMessages":[],"meta":{}},{"ancestorTitles":["detectSearchIntent","Edge Cases and Non-Search Queries"],"fullName":"detectSearchIntent Edge Cases and Non-Search Queries should handle very short messages","status":"passed","title":"should handle very short messages","duration":0.017874999999989427,"failureMessages":[],"meta":{}},{"ancestorTitles":["detectSearchIntent","Complex and Multi-Intent Queries"],"fullName":"detectSearchIntent Complex and Multi-Intent Queries should handle \"Do you have and how much\" combined queries","status":"passed","title":"should handle \"Do you have and how much\" combined queries","duration":0.04112499999999386,"failureMessages":[],"meta":{}},{"ancestorTitles":["detectSearchIntent","Complex and Multi-Intent Queries"],"fullName":"detectSearchIntent Complex and Multi-Intent Queries should handle product number with price inquiry","status":"passed","title":"should handle product number with price inquiry","duration":0.034874999999999545,"failureMessages":[],"meta":{}},{"ancestorTitles":["detectSearchIntent","Complex and Multi-Intent Queries"],"fullName":"detectSearchIntent Complex and Multi-Intent Queries should handle vague product references","status":"passed","title":"should handle vague product references","duration":0.028582999999997583,"failureMessages":[],"meta":{}},{"ancestorTitles":["detectSearchIntent","Confidence Threshold Testing"],"fullName":"detectSearchIntent Confidence Threshold Testing should require minimum confidence of 0.6","status":"passed","title":"should require minimum confidence of 0.6","duration":0.019209000000003584,"failureMessages":[],"meta":{}},{"ancestorTitles":["detectSearchIntent","Confidence Threshold Testing"],"fullName":"detectSearchIntent Confidence Threshold Testing should trigger search for high-confidence patterns","status":"passed","title":"should trigger search for high-confidence patterns","duration":0.04095799999998917,"failureMessages":[],"meta":{}},{"ancestorTitles":["detectSearchIntent","Handoff / transfer phrases"],"fullName":"detectSearchIntent Handoff / transfer phrases should handoff for Arabic \"أريد التحدث مع شخص\"","status":"passed","title":"should handoff for Arabic \"أريد التحدث مع شخص\"","duration":0.11537500000000023,"failureMessages":[],"meta":{}},{"ancestorTitles":["detectSearchIntent","Handoff / transfer phrases"],"fullName":"detectSearchIntent Handoff / transfer phrases should handoff for \"speak to agent\"","status":"passed","title":"should handoff for \"speak to agent\"","duration":0.07229200000000446,"failureMessages":[],"meta":{}},{"ancestorTitles":["detectSearchIntent","Handoff / transfer phrases"],"fullName":"detectSearchIntent Handoff / transfer phrases should handoff for \"talk to human\"","status":"passed","title":"should handoff for \"talk to human\"","duration":0.021000000000000796,"failureMessages":[],"meta":{}},{"ancestorTitles":["detectSearchIntent","Handoff / transfer phrases"],"fullName":"detectSearchIntent Handoff / transfer phrases should handoff for \"I want to complain\"","status":"passed","title":"should handoff for \"I want to complain\"","duration":0.022792000000009693,"failureMessages":[],"meta":{}},{"ancestorTitles":["detectSearchIntent","Handoff / transfer phrases"],"fullName":"detectSearchIntent Handoff / transfer phrases should handoff for \"refund\"","status":"passed","title":"should handoff for \"refund\"","duration":0.021540999999999144,"failureMessages":[],"meta":{}},{"ancestorTitles":["detectSearchIntent","Handoff / transfer phrases"],"fullName":"detectSearchIntent Handoff / transfer phrases should handoff for Arabic \"استرداد\"","status":"passed","title":"should handoff for Arabic \"استرداد\"","duration":0.0747909999999905,"failureMessages":[],"meta":{}},{"ancestorTitles":["detectSearchIntent","Handoff / transfer phrases"],"fullName":"detectSearchIntent Handoff / transfer phrases should handoff for \"transfer to human\"","status":"passed","title":"should handoff for \"transfer to human\"","duration":0.02487499999999443,"failureMessages":[],"meta":{}},{"ancestorTitles":["detectSearchIntent","Handoff / transfer phrases"],"fullName":"detectSearchIntent Handoff / transfer phrases should handoff for \"موظف حقيقي\"","status":"passed","title":"should handoff for \"موظف حقيقي\"","duration":0.01933400000000063,"failureMessages":[],"meta":{}},{"ancestorTitles":["detectSearchIntent","Handoff / transfer phrases"],"fullName":"detectSearchIntent Handoff / transfer phrases should not handoff for product search","status":"passed","title":"should not handoff for product search","duration":0.023416999999994914,"failureMessages":[],"meta":{}},{"ancestorTitles":["detectSearchIntent","Handoff / transfer phrases"],"fullName":"detectSearchIntent Handoff / transfer phrases should not handoff for price inquiry","status":"passed","title":"should not handoff for price inquiry","duration":0.01999999999999602,"failureMessages":[],"meta":{}},{"ancestorTitles":["detectSearchIntent","More price inquiry variants"],"fullName":"detectSearchIntent More price inquiry variants should detect \"cost of\"","status":"passed","title":"should detect \"cost of\"","duration":0.033541999999997074,"failureMessages":[],"meta":{}},{"ancestorTitles":["detectSearchIntent","More price inquiry variants"],"fullName":"detectSearchIntent More price inquiry variants should detect \"بكام\" Arabic","status":"passed","title":"should detect \"بكام\" Arabic","duration":0.030833999999998696,"failureMessages":[],"meta":{}},{"ancestorTitles":["detectSearchIntent","More price inquiry variants"],"fullName":"detectSearchIntent More price inquiry variants should detect \"what is the cost\"","status":"passed","title":"should detect \"what is the cost\"","duration":0.02925000000000466,"failureMessages":[],"meta":{}},{"ancestorTitles":["detectSearchIntent","More price inquiry variants"],"fullName":"detectSearchIntent More price inquiry variants should detect \"كم سعر\" with product","status":"passed","title":"should detect \"كم سعر\" with product","duration":0.02837499999999693,"failureMessages":[],"meta":{}},{"ancestorTitles":["detectSearchIntent","More price inquiry variants"],"fullName":"detectSearchIntent More price inquiry variants should detect \"how much for\"","status":"passed","title":"should detect \"how much for\"","duration":0.028291999999993322,"failureMessages":[],"meta":{}},{"ancestorTitles":["detectSearchIntent","More price inquiry variants"],"fullName":"detectSearchIntent More price inquiry variants should detect \"قيمة\" Arabic","status":"passed","title":"should detect \"قيمة\" Arabic","duration":0.02754099999999937,"failureMessages":[],"meta":{}},{"ancestorTitles":["detectSearchIntent","More price inquiry variants"],"fullName":"detectSearchIntent More price inquiry variants should detect \"شقد\" Arabic","status":"passed","title":"should detect \"شقد\" Arabic","duration":0.025874999999999204,"failureMessages":[],"meta":{}},{"ancestorTitles":["detectSearchIntent","More price inquiry variants"],"fullName":"detectSearchIntent More price inquiry variants should detect price with trailing text","status":"passed","title":"should detect price with trailing text","duration":0.02941699999999514,"failureMessages":[],"meta":{}},{"ancestorTitles":["detectSearchIntent","More availability variants"],"fullName":"detectSearchIntent More availability variants should detect \"do u have\"","status":"passed","title":"should detect \"do u have\"","duration":0.02575000000000216,"failureMessages":[],"meta":{}},{"ancestorTitles":["detectSearchIntent","More availability variants"],"fullName":"detectSearchIntent More availability variants should detect \"have you got\" with item","status":"passed","title":"should detect \"have you got\" with item","duration":0.024500000000003297,"failureMessages":[],"meta":{}},{"ancestorTitles":["detectSearchIntent","More availability variants"],"fullName":"detectSearchIntent More availability variants should detect \"got any\" with product type","status":"passed","title":"should detect \"got any\" with product type","duration":0.03787499999999966,"failureMessages":[],"meta":{}},{"ancestorTitles":["detectSearchIntent","More availability variants"],"fullName":"detectSearchIntent More availability variants should detect \"do you have\" without product word","status":"passed","title":"should detect \"do you have\" without product word","duration":0.024124999999997954,"failureMessages":[],"meta":{}},{"ancestorTitles":["detectSearchIntent","More availability variants"],"fullName":"detectSearchIntent More availability variants should detect \"do you have\" with number","status":"passed","title":"should detect \"do you have\" with number","duration":0.03033400000001052,"failureMessages":[],"meta":{}},{"ancestorTitles":["detectSearchIntent","More product number variants"],"fullName":"detectSearchIntent More product number variants should detect \"item #\" format","status":"passed","title":"should detect \"item #\" format","duration":0.03829199999999844,"failureMessages":[],"meta":{}},{"ancestorTitles":["detectSearchIntent","More product number variants"],"fullName":"detectSearchIntent More product number variants should detect \"code XYZ-1\"","status":"passed","title":"should detect \"code XYZ-1\"","duration":0.03870799999999974,"failureMessages":[],"meta":{}},{"ancestorTitles":["detectSearchIntent","More product number variants"],"fullName":"detectSearchIntent More product number variants should detect \"ref:\" prefix","status":"passed","title":"should detect \"ref:\" prefix","duration":0.03629099999999141,"failureMessages":[],"meta":{}},{"ancestorTitles":["detectSearchIntent","More product number variants"],"fullName":"detectSearchIntent More product number variants should detect 6+ alphanumeric with digit","status":"passed","title":"should detect 6+ alphanumeric with digit","duration":0.024792000000005032,"failureMessages":[],"meta":{}},{"ancestorTitles":["detectSearchIntent","More product number variants"],"fullName":"detectSearchIntent More product number variants should detect model number style","status":"passed","title":"should detect model number style","duration":0.02312499999999318,"failureMessages":[],"meta":{}},{"ancestorTitles":["detectSearchIntent","More general search variants"],"fullName":"detectSearchIntent More general search variants should detect \"get me\"","status":"passed","title":"should detect \"get me\"","duration":0.024540999999999258,"failureMessages":[],"meta":{}},{"ancestorTitles":["detectSearchIntent","More general search variants"],"fullName":"detectSearchIntent More general search variants should detect \"i need\"","status":"passed","title":"should detect \"i need\"","duration":0.023875000000003865,"failureMessages":[],"meta":{}},{"ancestorTitles":["detectSearchIntent","More general search variants"],"fullName":"detectSearchIntent More general search variants should detect \"want to see\"","status":"passed","title":"should detect \"want to see\"","duration":0.024667000000007988,"failureMessages":[],"meta":{}},{"ancestorTitles":["detectSearchIntent","More general search variants"],"fullName":"detectSearchIntent More general search variants should detect \"look for\"","status":"passed","title":"should detect \"look for\"","duration":0.024082999999990307,"failureMessages":[],"meta":{}},{"ancestorTitles":["detectSearchIntent","More general search variants"],"fullName":"detectSearchIntent More general search variants should detect \"find\" with \"for\"","status":"passed","title":"should detect \"find\" with \"for\"","duration":0.024665999999996302,"failureMessages":[],"meta":{}},{"ancestorTitles":["detectSearchIntent","More general search variants"],"fullName":"detectSearchIntent More general search variants should detect \"show me\" with category","status":"passed","title":"should detect \"show me\" with category","duration":0.02458400000000438,"failureMessages":[],"meta":{}},{"ancestorTitles":["detectSearchIntent","More general search variants"],"fullName":"detectSearchIntent More general search variants should detect \"search\" alone with query","status":"passed","title":"should detect \"search\" alone with query","duration":0.024540999999999258,"failureMessages":[],"meta":{}},{"ancestorTitles":["detectSearchIntent","More general search variants"],"fullName":"detectSearchIntent More general search variants should detect \"looking for\" with item","status":"passed","title":"should detect \"looking for\" with item","duration":0.030083000000004745,"failureMessages":[],"meta":{}},{"ancestorTitles":["detectSearchIntent","More Arabic search variants"],"fullName":"detectSearchIntent More Arabic search variants should detect \"جيب لي\"","status":"passed","title":"should detect \"جيب لي\"","duration":0.030500000000003524,"failureMessages":[],"meta":{}},{"ancestorTitles":["detectSearchIntent","More Arabic search variants"],"fullName":"detectSearchIntent More Arabic search variants should detect \"عرض\"","status":"passed","title":"should detect \"عرض\"","duration":0.03070900000000165,"failureMessages":[],"meta":{}},{"ancestorTitles":["detectSearchIntent","More Arabic search variants"],"fullName":"detectSearchIntent More Arabic search variants should detect \"فيها\"","status":"passed","title":"should detect \"فيها\"","duration":0.03033399999999631,"failureMessages":[],"meta":{}},{"ancestorTitles":["detectSearchIntent","More Arabic search variants"],"fullName":"detectSearchIntent More Arabic search variants should detect \"توجد\"","status":"passed","title":"should detect \"توجد\"","duration":0.02420800000000156,"failureMessages":[],"meta":{}},{"ancestorTitles":["detectSearchIntent","More Arabic search variants"],"fullName":"detectSearchIntent More Arabic search variants should detect \"ابحث عن\" with two words","status":"passed","title":"should detect \"ابحث عن\" with two words","duration":0.030917000000002304,"failureMessages":[],"meta":{}},{"ancestorTitles":["detectSearchIntent","More Arabic search variants"],"fullName":"detectSearchIntent More Arabic search variants should detect \"وريني\" with product","status":"passed","title":"should detect \"وريني\" with product","duration":0.038167000000001394,"failureMessages":[],"meta":{}},{"ancestorTitles":["detectSearchIntent","More comparison and category variants"],"fullName":"detectSearchIntent More comparison and category variants should detect \"versus\"","status":"passed","title":"should detect \"versus\"","duration":0.029166000000003578,"failureMessages":[],"meta":{}},{"ancestorTitles":["detectSearchIntent","More comparison and category variants"],"fullName":"detectSearchIntent More comparison and category variants should detect \"between\"","status":"passed","title":"should detect \"between\"","duration":0.03133300000000361,"failureMessages":[],"meta":{}},{"ancestorTitles":["detectSearchIntent","More comparison and category variants"],"fullName":"detectSearchIntent More comparison and category variants should detect \"same as\"","status":"passed","title":"should detect \"same as\"","duration":0.02608399999999733,"failureMessages":[],"meta":{}},{"ancestorTitles":["detectSearchIntent","More comparison and category variants"],"fullName":"detectSearchIntent More comparison and category variants should detect \"the other one\"","status":"passed","title":"should detect \"the other one\"","duration":0.03420800000000668,"failureMessages":[],"meta":{}},{"ancestorTitles":["detectSearchIntent","More comparison and category variants"],"fullName":"detectSearchIntent More comparison and category variants should detect \"kind of\"","status":"passed","title":"should detect \"kind of\"","duration":0.02420800000000156,"failureMessages":[],"meta":{}},{"ancestorTitles":["detectSearchIntent","More comparison and category variants"],"fullName":"detectSearchIntent More comparison and category variants should detect \"category of\"","status":"passed","title":"should detect \"category of\"","duration":0.02404100000001108,"failureMessages":[],"meta":{}},{"ancestorTitles":["detectSearchIntent","Edge cases: empty, long, numbers, punctuation"],"fullName":"detectSearchIntent Edge cases: empty, long, numbers, punctuation should handle empty string","status":"passed","title":"should handle empty string","duration":0.019166999999995937,"failureMessages":[],"meta":{}},{"ancestorTitles":["detectSearchIntent","Edge cases: empty, long, numbers, punctuation"],"fullName":"detectSearchIntent Edge cases: empty, long, numbers, punctuation should handle very long message","status":"passed","title":"should handle very long message","duration":0.0707919999999973,"failureMessages":[],"meta":{}},{"ancestorTitles":["detectSearchIntent","Edge cases: empty, long, numbers, punctuation"],"fullName":"detectSearchIntent Edge cases: empty, long, numbers, punctuation should handle only numbers","status":"passed","title":"should handle only numbers","duration":0.025041000000001645,"failureMessages":[],"meta":{}},{"ancestorTitles":["detectSearchIntent","Edge cases: empty, long, numbers, punctuation"],"fullName":"detectSearchIntent Edge cases: empty, long, numbers, punctuation should handle only punctuation","status":"passed","title":"should handle only punctuation","duration":0.01824999999999477,"failureMessages":[],"meta":{}},{"ancestorTitles":["detectSearchIntent","Edge cases: empty, long, numbers, punctuation"],"fullName":"detectSearchIntent Edge cases: empty, long, numbers, punctuation should handle mixed Arabic and English","status":"passed","title":"should handle mixed Arabic and English","duration":0.01908399999999233,"failureMessages":[],"meta":{}},{"ancestorTitles":["detectSearchIntent","Edge cases: empty, long, numbers, punctuation"],"fullName":"detectSearchIntent Edge cases: empty, long, numbers, punctuation should handle RTL-only Arabic question","status":"passed","title":"should handle RTL-only Arabic question","duration":0.023499999999998522,"failureMessages":[],"meta":{}},{"ancestorTitles":["detectSearchIntent","Edge cases: empty, long, numbers, punctuation"],"fullName":"detectSearchIntent Edge cases: empty, long, numbers, punctuation should handle single word \"price\"","status":"passed","title":"should handle single word \"price\"","duration":0.016833000000005427,"failureMessages":[],"meta":{}},{"ancestorTitles":["detectSearchIntent","Edge cases: empty, long, numbers, punctuation"],"fullName":"detectSearchIntent Edge cases: empty, long, numbers, punctuation should handle \"how much\" without product","status":"passed","title":"should handle \"how much\" without product","duration":0.02333299999999383,"failureMessages":[],"meta":{}},{"ancestorTitles":["detectSearchIntent","Edge cases: empty, long, numbers, punctuation"],"fullName":"detectSearchIntent Edge cases: empty, long, numbers, punctuation should handle whitespace-only","status":"passed","title":"should handle whitespace-only","duration":0.017042000000003554,"failureMessages":[],"meta":{}},{"ancestorTitles":["detectSearchIntent","Edge cases: empty, long, numbers, punctuation"],"fullName":"detectSearchIntent Edge cases: empty, long, numbers, punctuation should handle newlines only","status":"passed","title":"should handle newlines only","duration":0.018166000000007898,"failureMessages":[],"meta":{}},{"ancestorTitles":["detectSearchIntent","Edge cases: empty, long, numbers, punctuation"],"fullName":"detectSearchIntent Edge cases: empty, long, numbers, punctuation should handle \"product\" alone","status":"passed","title":"should handle \"product\" alone","duration":0.016166999999995824,"failureMessages":[],"meta":{}},{"ancestorTitles":["detectSearchIntent","Edge cases: empty, long, numbers, punctuation"],"fullName":"detectSearchIntent Edge cases: empty, long, numbers, punctuation should handle very long 2000-char message","status":"passed","title":"should handle very long 2000-char message","duration":0.039082999999990875,"failureMessages":[],"meta":{}}],"startTime":1770749461102,"endTime":1770749461108.0708,"status":"passed","message":"","name":"/Users/ahmedmansour/Documents/GitHub/w-ai/convex/agent.search.test.ts"}]}